legacy/EpiCalc_Legacy/app/build/outputs/logs/manifest-merger-debug-report.txt
-- Merging decision tree log ---
manifest
ADDED from AndroidManifest.xml:2:1
	package
		ADDED from AndroidManifest.xml:3:5
		INJECTED from AndroidManifest.xml:0:0
		INJECTED from AndroidManifest.xml:0:0
	android:versionName
		ADDED from AndroidManifest.xml:5:5
	android:versionCode
		ADDED from AndroidManifest.xml:4:5
		INJECTED from AndroidManifest.xml:0:0
		INJECTED from AndroidManifest.xml:0:0
	xmlns:android
		ADDED from AndroidManifest.xml:2:11
uses-sdk
ADDED from AndroidManifest.xml:6:2
	android:targetSdkVersion
		INJECTED from AndroidManifest.xml:0:0
		INJECTED from AndroidManifest.xml:0:0
	android:minSdkVersion
		ADDED from AndroidManifest.xml:6:12
		INJECTED from AndroidManifest.xml:0:0
		INJECTED from AndroidManifest.xml:0:0
uses-permission#android.permission.ACCESS_NETWORK_STATE
ADDED from AndroidManifest.xml:7:2
	android:name
		ADDED from AndroidManifest.xml:7:19
uses-permission#android.permission.ACCESS_COARSE_LOCATION
ADDED from AndroidManifest.xml:8:2
	android:name
		ADDED from AndroidManifest.xml:8:19
uses-permission#android.permission.INTERNET
ADDED from AndroidManifest.xml:9:2
	android:name
		ADDED from AndroidManifest.xml:9:19
uses-permission#android.permission.WRITE_EXTERNAL_STORAGE
ADDED from AndroidManifest.xml:10:2
	android:name
		ADDED from AndroidManifest.xml:10:19
uses-permission#android.permission.ACCESS_WIFI_STATE
ADDED from AndroidManifest.xml:11:2
	android:name
		ADDED from AndroidManifest.xml:11:19
uses-permission#android.permission.READ_PHONE_STATE
ADDED from AndroidManifest.xml:12:2
	android:name
		ADDED from AndroidManifest.xml:12:19
application
ADDED from AndroidManifest.xml:14:2
	android:label
		ADDED from AndroidManifest.xml:16:9
	android:icon
		ADDED from AndroidManifest.xml:15:9
activity#com.mopub.mobileads.MoPubActivity
ADDED from AndroidManifest.xml:19:2
	android:configChanges
		ADDED from AndroidManifest.xml:19:61
	android:name
		ADDED from AndroidManifest.xml:19:12
activity#com.mopub.mobileads.MraidActivity
ADDED from AndroidManifest.xml:20:2
	android:configChanges
		ADDED from AndroidManifest.xml:20:61
	android:name
		ADDED from AndroidManifest.xml:20:12
activity#com.mopub.mobileads.MraidBrowser
ADDED from AndroidManifest.xml:21:2
	android:configChanges
		ADDED from AndroidManifest.xml:21:60
	android:name
		ADDED from AndroidManifest.xml:21:12
activity#com.mopub.mobileads.MraidVideoPlayerActivity
ADDED from AndroidManifest.xml:22:2
	android:configChanges
		ADDED from AndroidManifest.xml:22:72
	android:name
		ADDED from AndroidManifest.xml:22:12
activity#com.google.ads.AdActivity
ADDED from AndroidManifest.xml:23:2
	android:configChanges
		ADDED from AndroidManifest.xml:23:53
	android:name
		ADDED from AndroidManifest.xml:23:12
activity#com.millennialmedia.android.MMActivity
ADDED from AndroidManifest.xml:24:2
	android:configChanges
		ADDED from AndroidManifest.xml:24:126
	android:theme
		ADDED from AndroidManifest.xml:24:66
	android:name
		ADDED from AndroidManifest.xml:24:12
activity#com.millennialmedia.android.VideoPlayer
ADDED from AndroidManifest.xml:25:2
	android:configChanges
		ADDED from AndroidManifest.xml:25:67
	android:name
		ADDED from AndroidManifest.xml:25:12
activity#com.justinkleiber.epicalc.Splash
ADDED from AndroidManifest.xml:27:9
	android:screenOrientation
		ADDED from AndroidManifest.xml:28:69
	android:label
		ADDED from AndroidManifest.xml:28:36
	android:name
		ADDED from AndroidManifest.xml:28:13
intent-filter#android.intent.action.MAIN+android.intent.category.LAUNCHER
ADDED from AndroidManifest.xml:29:13
action#android.intent.action.MAIN
ADDED from AndroidManifest.xml:30:17
	android:name
		ADDED from AndroidManifest.xml:30:25
category#android.intent.category.LAUNCHER
ADDED from AndroidManifest.xml:31:5
	android:name
		ADDED from AndroidManifest.xml:31:15
activity#com.justinkleiber.epicalc.MainMenu
ADDED from AndroidManifest.xml:34:9
	android:screenOrientation
		ADDED from AndroidManifest.xml:35:71
	android:label
		ADDED from AndroidManifest.xml:35:38
	android:name
		ADDED from AndroidManifest.xml:35:13
intent-filter#android.intent.action.MA+android.intent.category.DEFAULT
ADDED from AndroidManifest.xml:36:13
action#android.intent.action.MA
ADDED from AndroidManifest.xml:37:17
	android:name
		ADDED from AndroidManifest.xml:37:25
category#android.intent.category.DEFAULT
ADDED from AndroidManifest.xml:38:5
	android:name
		ADDED from AndroidManifest.xml:38:15
activity#com.justinkleiber.epicalc.pyth
ADDED from AndroidManifest.xml:41:9
	android:screenOrientation
		ADDED from AndroidManifest.xml:42:82
	android:label
		ADDED from AndroidManifest.xml:42:34
	android:name
		ADDED from AndroidManifest.xml:42:13
intent-filter#android.intent.action.PY+android.intent.category.DEFAULT
ADDED from AndroidManifest.xml:43:13
action#android.intent.action.PY
ADDED from AndroidManifest.xml:44:17
	android:name
		ADDED from AndroidManifest.xml:44:25
activity#com.justinkleiber.epicalc.Quad
ADDED from AndroidManifest.xml:48:9
	android:screenOrientation
		ADDED from AndroidManifest.xml:49:68
	android:label
		ADDED from AndroidManifest.xml:49:34
	android:name
		ADDED from AndroidManifest.xml:49:13
intent-filter#android.intent.action.QF+android.intent.category.DEFAULT
ADDED from AndroidManifest.xml:50:13
action#android.intent.action.QF
ADDED from AndroidManifest.xml:51:17
	android:name
		ADDED from AndroidManifest.xml:51:25
activity#com.justinkleiber.epicalc.AmPow
ADDED from AndroidManifest.xml:55:10
	android:screenOrientation
		ADDED from AndroidManifest.xml:56:75
	android:label
		ADDED from AndroidManifest.xml:56:35
	android:name
		ADDED from AndroidManifest.xml:56:13
intent-filter#android.intent.action.AP+android.intent.category.DEFAULT
ADDED from AndroidManifest.xml:57:13
action#android.intent.action.AP
ADDED from AndroidManifest.xml:58:17
	android:name
		ADDED from AndroidManifest.xml:58:25
activity#com.justinkleiber.epicalc.Lpro
ADDED from AndroidManifest.xml:62:9
	android:screenOrientation
		ADDED from AndroidManifest.xml:63:71
	android:label
		ADDED from AndroidManifest.xml:63:34
	android:name
		ADDED from AndroidManifest.xml:63:13
intent-filter#android.intent.action.LPO+android.intent.category.DEFAULT
ADDED from AndroidManifest.xml:64:13
action#android.intent.action.LPO
ADDED from AndroidManifest.xml:65:17
	android:name
		ADDED from AndroidManifest.xml:65:25
activity#com.justinkleiber.epicalc.Fpro
ADDED from AndroidManifest.xml:69:9
	android:screenOrientation
		ADDED from AndroidManifest.xml:70:78
	android:label
		ADDED from AndroidManifest.xml:70:34
	android:name
		ADDED from AndroidManifest.xml:70:13
intent-filter#android.intent.action.FPO+android.intent.category.DEFAULT
ADDED from AndroidManifest.xml:71:13
action#android.intent.action.FPO
ADDED from AndroidManifest.xml:72:17
	android:name
		ADDED from AndroidManifest.xml:72:25
activity#com.justinkleiber.epicalc.Slope
ADDED from AndroidManifest.xml:76:11
	android:screenOrientation
		ADDED from AndroidManifest.xml:77:57
	android:label
		ADDED from AndroidManifest.xml:77:35
	android:name
		ADDED from AndroidManifest.xml:77:13
intent-filter#android.intent.action.SLO+android.intent.category.DEFAULT
ADDED from AndroidManifest.xml:78:13
action#android.intent.action.SLO
ADDED from AndroidManifest.xml:79:17
	android:name
		ADDED from AndroidManifest.xml:79:25
activity#com.justinkleiber.epicalc.Pythl
ADDED from AndroidManifest.xml:83:9
	android:screenOrientation
		ADDED from AndroidManifest.xml:84:76
	android:label
		ADDED from AndroidManifest.xml:84:35
	android:name
		ADDED from AndroidManifest.xml:84:13
intent-filter#android.intent.action.PYL+android.intent.category.DEFAULT
ADDED from AndroidManifest.xml:85:13
action#android.intent.action.PYL
ADDED from AndroidManifest.xml:86:17
	android:name
		ADDED from AndroidManifest.xml:86:25
activity#com.justinkleiber.epicalc.Frac
ADDED from AndroidManifest.xml:90:9
	android:screenOrientation
		ADDED from AndroidManifest.xml:91:67
	android:label
		ADDED from AndroidManifest.xml:91:34
	android:name
		ADDED from AndroidManifest.xml:91:13
intent-filter#android.intent.action.FRAC+android.intent.category.DEFAULT
ADDED from AndroidManifest.xml:92:13
action#android.intent.action.FRAC
ADDED from AndroidManifest.xml:93:17
	android:name
		ADDED from AndroidManifest.xml:93:25
activity#com.justinkleiber.epicalc.Theta
ADDED from AndroidManifest.xml:97:9
	android:screenOrientation
		ADDED from AndroidManifest.xml:98:69
	android:label
		ADDED from AndroidManifest.xml:98:35
	android:name
		ADDED from AndroidManifest.xml:98:13
intent-filter#android.intent.action.THET+android.intent.category.DEFAULT
ADDED from AndroidManifest.xml:99:13
action#android.intent.action.THET
ADDED from AndroidManifest.xml:100:17
	android:name
		ADDED from AndroidManifest.xml:100:25
activity#com.justinkleiber.epicalc.Aos
ADDED from AndroidManifest.xml:104:9
	android:screenOrientation
		ADDED from AndroidManifest.xml:105:66
	android:label
		ADDED from AndroidManifest.xml:105:33
	android:name
		ADDED from AndroidManifest.xml:105:13
intent-filter#android.intent.action.AOS+android.intent.category.DEFAULT
ADDED from AndroidManifest.xml:106:13
action#android.intent.action.AOS
ADDED from AndroidManifest.xml:107:17
	android:name
		ADDED from AndroidManifest.xml:107:25
activity#com.justinkleiber.epicalc.Vpm
ADDED from AndroidManifest.xml:111:9
	android:screenOrientation
		ADDED from AndroidManifest.xml:112:83
	android:label
		ADDED from AndroidManifest.xml:112:33
	android:name
		ADDED from AndroidManifest.xml:112:13
intent-filter#android.intent.action.VPM+android.intent.category.DEFAULT
ADDED from AndroidManifest.xml:113:13
action#android.intent.action.VPM
ADDED from AndroidManifest.xml:114:17
	android:name
		ADDED from AndroidManifest.xml:114:25
activity#com.justinkleiber.epicalc.MidPt
ADDED from AndroidManifest.xml:118:10
	android:screenOrientation
		ADDED from AndroidManifest.xml:119:68
	android:label
		ADDED from AndroidManifest.xml:119:35
	android:name
		ADDED from AndroidManifest.xml:119:13
intent-filter#android.intent.action.MF+android.intent.category.DEFAULT
ADDED from AndroidManifest.xml:120:13
action#android.intent.action.MF
ADDED from AndroidManifest.xml:121:17
	android:name
		ADDED from AndroidManifest.xml:121:25
activity#com.justinkleiber.epicalc.Distance
ADDED from AndroidManifest.xml:125:9
	android:screenOrientation
		ADDED from AndroidManifest.xml:126:71
	android:label
		ADDED from AndroidManifest.xml:126:38
	android:name
		ADDED from AndroidManifest.xml:126:13
intent-filter#android.intent.action.DF+android.intent.category.DEFAULT
ADDED from AndroidManifest.xml:127:13
action#android.intent.action.DF
ADDED from AndroidManifest.xml:128:17
	android:name
		ADDED from AndroidManifest.xml:128:25
activity#com.justinkleiber.epicalc.Radical
ADDED from AndroidManifest.xml:132:9
	android:screenOrientation
		ADDED from AndroidManifest.xml:133:74
	android:label
		ADDED from AndroidManifest.xml:133:37
	android:name
		ADDED from AndroidManifest.xml:133:13
intent-filter#android.intent.action.RADS+android.intent.category.DEFAULT
ADDED from AndroidManifest.xml:134:13
action#android.intent.action.RADS
ADDED from AndroidManifest.xml:135:17
	android:name
		ADDED from AndroidManifest.xml:135:25
activity#com.justinkleiber.epicalc.Tsides
ADDED from AndroidManifest.xml:139:9
	android:screenOrientation
		ADDED from AndroidManifest.xml:140:63
	android:label
		ADDED from AndroidManifest.xml:140:36
	android:name
		ADDED from AndroidManifest.xml:140:13
intent-filter#android.intent.action.TS+android.intent.category.DEFAULT
ADDED from AndroidManifest.xml:141:13
action#android.intent.action.TS
ADDED from AndroidManifest.xml:142:17
	android:name
		ADDED from AndroidManifest.xml:142:25
activity#com.justinkleiber.epicalc.Sres
ADDED from AndroidManifest.xml:147:9
	android:screenOrientation
		ADDED from AndroidManifest.xml:148:68
	android:label
		ADDED from AndroidManifest.xml:148:34
	android:name
		ADDED from AndroidManifest.xml:148:13
intent-filter#android.intent.action.SRES+android.intent.category.DEFAULT
ADDED from AndroidManifest.xml:149:13
action#android.intent.action.SRES
ADDED from AndroidManifest.xml:150:17
	android:name
		ADDED from AndroidManifest.xml:150:25
activity#com.justinkleiber.epicalc.Area
ADDED from AndroidManifest.xml:154:9
	android:screenOrientation
		ADDED from AndroidManifest.xml:155:65
	android:label
		ADDED from AndroidManifest.xml:155:34
	android:name
		ADDED from AndroidManifest.xml:155:13
intent-filter#android.intent.action.ARE+android.intent.category.DEFAULT
ADDED from AndroidManifest.xml:156:13
action#android.intent.action.ARE
ADDED from AndroidManifest.xml:157:17
	android:name
		ADDED from AndroidManifest.xml:157:25
activity#com.justinkleiber.epicalc.Sfrac
ADDED from AndroidManifest.xml:161:9
	android:screenOrientation
		ADDED from AndroidManifest.xml:162:73
	android:label
		ADDED from AndroidManifest.xml:162:35
	android:name
		ADDED from AndroidManifest.xml:162:13
intent-filter#android.intent.action.SF+android.intent.category.DEFAULT
ADDED from AndroidManifest.xml:163:13
action#android.intent.action.SF
ADDED from AndroidManifest.xml:164:17
	android:name
		ADDED from AndroidManifest.xml:164:25
activity#com.justinkleiber.epicalc.Volume
ADDED from AndroidManifest.xml:168:9
	android:screenOrientation
		ADDED from AndroidManifest.xml:169:74
	android:label
		ADDED from AndroidManifest.xml:169:36
	android:name
		ADDED from AndroidManifest.xml:169:13
intent-filter#android.intent.action.VOL+android.intent.category.DEFAULT
ADDED from AndroidManifest.xml:170:13
action#android.intent.action.VOL
ADDED from AndroidManifest.xml:171:17
	android:name
		ADDED from AndroidManifest.xml:171:25
activity#com.justinkleiber.epicalc.Laws
ADDED from AndroidManifest.xml:175:9
	android:screenOrientation
		ADDED from AndroidManifest.xml:176:71
	android:label
		ADDED from AndroidManifest.xml:176:34
	android:name
		ADDED from AndroidManifest.xml:176:13
intent-filter#android.intent.action.LSC+android.intent.category.DEFAULT
ADDED from AndroidManifest.xml:177:13
action#android.intent.action.LSC
ADDED from AndroidManifest.xml:178:17
	android:name
		ADDED from AndroidManifest.xml:178:25
activity#com.justinkleiber.epicalc.Surf
ADDED from AndroidManifest.xml:182:10
	android:screenOrientation
		ADDED from AndroidManifest.xml:183:73
	android:label
		ADDED from AndroidManifest.xml:183:34
	android:name
		ADDED from AndroidManifest.xml:183:13
intent-filter#android.intent.action.FSA+android.intent.category.DEFAULT
ADDED from AndroidManifest.xml:184:13
action#android.intent.action.FSA
ADDED from AndroidManifest.xml:185:17
	android:name
		ADDED from AndroidManifest.xml:185:25
activity#com.justinkleiber.epicalc.Fact
ADDED from AndroidManifest.xml:189:9
	android:screenOrientation
		ADDED from AndroidManifest.xml:190:61
	android:label
		ADDED from AndroidManifest.xml:190:34
	android:name
		ADDED from AndroidManifest.xml:190:13
intent-filter#android.intent.action.FACT+android.intent.category.DEFAULT
ADDED from AndroidManifest.xml:191:13
action#android.intent.action.FACT
ADDED from AndroidManifest.xml:192:17
	android:name
		ADDED from AndroidManifest.xml:192:25
activity#com.justinkleiber.epicalc.Perm
ADDED from AndroidManifest.xml:196:9
	android:screenOrientation
		ADDED from AndroidManifest.xml:197:63
	android:label
		ADDED from AndroidManifest.xml:197:34
	android:name
		ADDED from AndroidManifest.xml:197:13
intent-filter#android.intent.action.PERM+android.intent.category.DEFAULT
ADDED from AndroidManifest.xml:198:13
action#android.intent.action.PERM
ADDED from AndroidManifest.xml:199:17
	android:name
		ADDED from AndroidManifest.xml:199:25
activity#com.justinkleiber.epicalc.Combine
ADDED from AndroidManifest.xml:203:10
	android:screenOrientation
		ADDED from AndroidManifest.xml:204:74
	android:label
		ADDED from AndroidManifest.xml:204:37
	android:name
		ADDED from AndroidManifest.xml:204:13
intent-filter#android.intent.action.CO+android.intent.category.DEFAULT
ADDED from AndroidManifest.xml:205:13
action#android.intent.action.CO
ADDED from AndroidManifest.xml:206:17
	android:name
		ADDED from AndroidManifest.xml:206:25
activity#com.justinkleiber.epicalc.Perr
ADDED from AndroidManifest.xml:210:9
	android:screenOrientation
		ADDED from AndroidManifest.xml:211:64
	android:label
		ADDED from AndroidManifest.xml:211:34
	android:name
		ADDED from AndroidManifest.xml:211:13
intent-filter#android.intent.action.PE+android.intent.category.DEFAULT
ADDED from AndroidManifest.xml:212:13
action#android.intent.action.PE
ADDED from AndroidManifest.xml:213:17
	android:name
		ADDED from AndroidManifest.xml:213:25
activity#com.justinkleiber.epicalc.Times
ADDED from AndroidManifest.xml:217:9
	android:screenOrientation
		ADDED from AndroidManifest.xml:218:77
	android:label
		ADDED from AndroidManifest.xml:218:35
	android:name
		ADDED from AndroidManifest.xml:218:13
intent-filter#android.intent.action.TPM+android.intent.category.DEFAULT
ADDED from AndroidManifest.xml:219:13
action#android.intent.action.TPM
ADDED from AndroidManifest.xml:220:17
	android:name
		ADDED from AndroidManifest.xml:220:25
activity#com.justinkleiber.epicalc.Info
ADDED from AndroidManifest.xml:224:9
	android:screenOrientation
		ADDED from AndroidManifest.xml:225:62
	android:label
		ADDED from AndroidManifest.xml:225:34
	android:name
		ADDED from AndroidManifest.xml:225:13
intent-filter#android.intent.action.IN+android.intent.category.DEFAULT
ADDED from AndroidManifest.xml:226:13
action#android.intent.action.IN
ADDED from AndroidManifest.xml:227:17
	android:name
		ADDED from AndroidManifest.xml:227:25
activity#com.justinkleiber.epicalc.Circ
ADDED from AndroidManifest.xml:231:9
	android:screenOrientation
		ADDED from AndroidManifest.xml:232:91
	android:label
		ADDED from AndroidManifest.xml:232:59
	android:name
		ADDED from AndroidManifest.xml:232:13
intent-filter#android.intent.action.CIRC+android.intent.category.DEFAULT
ADDED from AndroidManifest.xml:233:13
action#android.intent.action.CIRC
ADDED from AndroidManifest.xml:234:17
	android:name
		ADDED from AndroidManifest.xml:234:25
activity#com.justinkleiber.epicalc.RadstoDegs
ADDED from AndroidManifest.xml:238:9
	android:screenOrientation
		ADDED from AndroidManifest.xml:239:110
	android:label
		ADDED from AndroidManifest.xml:239:65
	android:name
		ADDED from AndroidManifest.xml:239:13
intent-filter#android.intent.action.RTD+android.intent.category.DEFAULT
ADDED from AndroidManifest.xml:240:13
action#android.intent.action.RTD
ADDED from AndroidManifest.xml:241:17
	android:name
		ADDED from AndroidManifest.xml:241:25
activity#com.justinkleiber.epicalc.Fdecimal
ADDED from AndroidManifest.xml:245:9
	android:screenOrientation
		ADDED from AndroidManifest.xml:246:109
	android:label
		ADDED from AndroidManifest.xml:246:63
	android:name
		ADDED from AndroidManifest.xml:246:13
intent-filter#android.intent.action.FTD+android.intent.category.DEFAULT
ADDED from AndroidManifest.xml:247:13
action#android.intent.action.FTD
ADDED from AndroidManifest.xml:248:17
	android:name
		ADDED from AndroidManifest.xml:248:25
activity#com.justinkleiber.epicalc.Systems
ADDED from AndroidManifest.xml:252:9
	android:screenOrientation
		ADDED from AndroidManifest.xml:253:99
	android:label
		ADDED from AndroidManifest.xml:253:62
	android:name
		ADDED from AndroidManifest.xml:253:13
intent-filter#android.intent.action.SYS+android.intent.category.DEFAULT
ADDED from AndroidManifest.xml:254:13
action#android.intent.action.SYS
ADDED from AndroidManifest.xml:255:17
	android:name
		ADDED from AndroidManifest.xml:255:25
activity#com.justinkleiber.epicalc.Prop
ADDED from AndroidManifest.xml:259:9
	android:screenOrientation
		ADDED from AndroidManifest.xml:260:87
	android:label
		ADDED from AndroidManifest.xml:260:59
	android:name
		ADDED from AndroidManifest.xml:260:13
intent-filter#android.intent.action.PROPS+android.intent.category.DEFAULT
ADDED from AndroidManifest.xml:261:13
action#android.intent.action.PROPS
ADDED from AndroidManifest.xml:262:17
	android:name
		ADDED from AndroidManifest.xml:262:25
activity#com.justinkleiber.epicalc.WorkShower
ADDED from AndroidManifest.xml:266:9
	android:screenOrientation
		ADDED from AndroidManifest.xml:267:86
	android:label
		ADDED from AndroidManifest.xml:267:65
	android:name
		ADDED from AndroidManifest.xml:267:13
intent-filter#android.intent.action.WORK+android.intent.category.DEFAULT
ADDED from AndroidManifest.xml:268:13
action#android.intent.action.WORK
ADDED from AndroidManifest.xml:269:17
	android:name
		ADDED from AndroidManifest.xml:269:25
activity#com.justinkleiber.epicalc.General
ADDED from AndroidManifest.xml:273:9
	android:screenOrientation
		ADDED from AndroidManifest.xml:274:91
	android:label
		ADDED from AndroidManifest.xml:274:62
	android:name
		ADDED from AndroidManifest.xml:274:13
intent-filter#android.intent.action.GEN+android.intent.category.DEFAULT
ADDED from AndroidManifest.xml:275:13
action#android.intent.action.GEN
ADDED from AndroidManifest.xml:276:17
	android:name
		ADDED from AndroidManifest.xml:276:25
activity#com.justinkleiber.epicalc.Algebra
ADDED from AndroidManifest.xml:280:9
	android:screenOrientation
		ADDED from AndroidManifest.xml:281:95
	android:label
		ADDED from AndroidManifest.xml:281:62
	android:name
		ADDED from AndroidManifest.xml:281:13
intent-filter#android.intent.action.ALG+android.intent.category.DEFAULT
ADDED from AndroidManifest.xml:282:13
action#android.intent.action.ALG
ADDED from AndroidManifest.xml:283:17
	android:name
		ADDED from AndroidManifest.xml:283:25
activity#com.justinkleiber.epicalc.Geometry
ADDED from AndroidManifest.xml:287:9
	android:screenOrientation
		ADDED from AndroidManifest.xml:288:88
	android:label
		ADDED from AndroidManifest.xml:288:63
	android:name
		ADDED from AndroidManifest.xml:288:13
intent-filter#android.intent.action.GEOM+android.intent.category.DEFAULT
ADDED from AndroidManifest.xml:289:13
action#android.intent.action.GEOM
ADDED from AndroidManifest.xml:290:17
	android:name
		ADDED from AndroidManifest.xml:290:25
activity#com.justinkleiber.epicalc.Precalc
ADDED from AndroidManifest.xml:294:9
	android:screenOrientation
		ADDED from AndroidManifest.xml:295:91
	android:label
		ADDED from AndroidManifest.xml:295:62
	android:name
		ADDED from AndroidManifest.xml:295:13
intent-filter#android.intent.action.PRE_C+android.intent.category.DEFAULT
ADDED from AndroidManifest.xml:296:13
action#android.intent.action.PRE_C
ADDED from AndroidManifest.xml:297:17
	android:name
		ADDED from AndroidManifest.xml:297:25
activity#com.justinkleiber.epicalc.Physics
ADDED from AndroidManifest.xml:301:9
	android:screenOrientation
		ADDED from AndroidManifest.xml:302:86
	android:label
		ADDED from AndroidManifest.xml:302:62
	android:name
		ADDED from AndroidManifest.xml:302:13
intent-filter#android.intent.action.PHYS+android.intent.category.DEFAULT
ADDED from AndroidManifest.xml:303:13
action#android.intent.action.PHYS
ADDED from AndroidManifest.xml:304:17
	android:name
		ADDED from AndroidManifest.xml:304:25
activity#com.justinkleiber.epicalc.Electrical
ADDED from AndroidManifest.xml:308:9
	android:screenOrientation
		ADDED from AndroidManifest.xml:309:98
	android:label
		ADDED from AndroidManifest.xml:309:65
	android:name
		ADDED from AndroidManifest.xml:309:13
intent-filter#android.intent.action.ELEC+android.intent.category.DEFAULT
ADDED from AndroidManifest.xml:310:13
action#android.intent.action.ELEC
ADDED from AndroidManifest.xml:311:17
	android:name
		ADDED from AndroidManifest.xml:311:25
activity#com.justinkleiber.epicalc.Statistics
ADDED from AndroidManifest.xml:315:9
	android:screenOrientation
		ADDED from AndroidManifest.xml:316:92
	android:label
		ADDED from AndroidManifest.xml:316:65
	android:name
		ADDED from AndroidManifest.xml:316:13
intent-filter#android.intent.action.STATIS+android.intent.category.DEFAULT
ADDED from AndroidManifest.xml:317:13
action#android.intent.action.STATIS
ADDED from AndroidManifest.xml:318:17
	android:name
		ADDED from AndroidManifest.xml:318:25